-- Found ament_cmake: 0.9.8 (/opt/ros/foxy/share/ament_cmake/cmake)
-- Using PYTHON_EXECUTABLE: /usr/bin/python3
-- Found rclcpp: 2.3.1 (/opt/ros/foxy/share/rclcpp/cmake)
-- Using all available rosidl_typesupport_c: rosidl_typesupport_fastrtps_c;rosidl_typesupport_introspection_c
-- Found rosidl_adapter: 1.2.1 (/opt/ros/foxy/share/rosidl_adapter/cmake)
-- Using all available rosidl_typesupport_cpp: rosidl_typesupport_fastrtps_cpp;rosidl_typesupport_introspection_cpp
-- Found rmw_implementation_cmake: 1.0.3 (/opt/ros/foxy/share/rmw_implementation_cmake/cmake)
-- Using RMW implementation 'rmw_fastrtps_cpp' as default
-- Found rclpy: 1.0.5 (/opt/ros/foxy/share/rclpy/cmake)
-- Found geometry_msgs: 2.0.4 (/opt/ros/foxy/share/geometry_msgs/cmake)
-- Found nav_msgs: 2.0.4 (/opt/ros/foxy/share/nav_msgs/cmake)
-- Found ackermann_msgs: 2.0.2 (/opt/ros/foxy/share/ackermann_msgs/cmake)
-- Found sensor_msgs: 2.0.4 (/opt/ros/foxy/share/sensor_msgs/cmake)
-- Found ament_lint_auto: 0.9.6 (/opt/ros/foxy/share/ament_lint_auto/cmake)
-- Added test 'copyright' to check source files copyright and LICENSE
-- Added test 'cppcheck' to perform static code analysis on C / C++ code
-- Configured cppcheck include dirs: /sim_ws/src/gap_follow/include
-- Configured cppcheck exclude dirs and/or files: 
-- Added test 'cpplint' to check C / C++ code against the Google style
-- Configured cpplint exclude dirs and/or files: 
-- Added test 'flake8' to check Python code syntax and style conventions
-- Added test 'lint_cmake' to check CMake code style
-- Added test 'pep257' to check Python code against some of the style conventions in PEP 257
-- Added test 'uncrustify' to check C / C++ code style
-- Configured uncrustify additional arguments: 
-- Added test 'xmllint' to check XML markup files
-- Configuring done
-- Generating done
-- Build files have been written to: /sim_ws/src/gap_follow/build/gap_follow
[35m[1mScanning dependencies of target gap_follow_node[0m
[35m[1mScanning dependencies of target gap_follow_node_basic[0m
[ 25%] [32mBuilding CXX object CMakeFiles/gap_follow_node.dir/src/gap_follow_node.cpp.o[0m
[ 50%] [32mBuilding CXX object CMakeFiles/gap_follow_node_basic.dir/src/gap_follow_node_basic.cpp.o[0m
[01m[K/sim_ws/src/gap_follow/src/gap_follow_node_basic.cpp:[m[K In member function â€˜[01m[Kvoid ReactiveFollowGap::preprocess_lidar(sensor_msgs::msg::LaserScan_<std::allocator<void> >::ConstSharedPtr, int)[m[Kâ€™:
[01m[K/sim_ws/src/gap_follow/src/gap_follow_node_basic.cpp:64:35:[m[K [01;31m[Kerror: [m[Kâ€˜[01m[Kmax_range_threshold[m[Kâ€™ was not declared in this scope
   64 |                 if (p_ranges[i] > [01;31m[Kmax_range_threshold[m[K) {
      |                                   [01;31m[K^~~~~~~~~~~~~~~~~~~[m[K
[01m[K/sim_ws/src/gap_follow/src/gap_follow_node_basic.cpp:[m[K In member function â€˜[01m[Kvoid ReactiveFollowGap::lidar_callback(sensor_msgs::msg::LaserScan_<std::allocator<void> >::ConstSharedPtr)[m[Kâ€™:
[01m[K/sim_ws/src/gap_follow/src/gap_follow_node_basic.cpp:186:79:[m[K [01;35m[Kwarning: [m[Kunused parameter â€˜[01m[Kscan_msg[m[Kâ€™ [[01;35m[K-Wunused-parameter[m[K]
  186 | [01;35m[Kconst sensor_msgs::msg::LaserScan::ConstSharedPtr scan_msg[m[K)
      | [01;35m[K~~~~~~~~~~~~~~~~~~~~~~~~~~~~~~~~~~~~~~~~~~~~~~~~~~^~~~~~~~[m[K

[01m[K/sim_ws/src/gap_follow/src/gap_follow_node.cpp:[m[K In member function â€˜[01m[Kvoid ReactiveFollowGap::lidar_callback(sensor_msgs::msg::LaserScan_<std::allocator<void> >::ConstSharedPtr)[m[Kâ€™:
[01m[K/sim_ws/src/gap_follow/src/gap_follow_node.cpp:184:40:[m[K [01;35m[Kwarning: [m[Kâ€˜[01m[Kgap_indicies[m[Kâ€™ may be used uninitialized in this function [[01;35m[K-Wmaybe-uninitialized[m[K]
  184 |             gap_indicies = [01;35m[Kfind_max_gap(gap_indicies, num_readings)[m[K;
      |                            [01;35m[K~~~~~~~~~~~~^~~~~~~~~~~~~~~~~~~~~~~~~~~~[m[K
make[2]: *** [CMakeFiles/gap_follow_node_basic.dir/build.make:63: CMakeFiles/gap_follow_node_basic.dir/src/gap_follow_node_basic.cpp.o] Error 1
make[1]: *** [CMakeFiles/Makefile2:80: CMakeFiles/gap_follow_node_basic.dir/all] Error 2
make[1]: *** Waiting for unfinished jobs....
[ 75%] [32m[1mLinking CXX executable gap_follow_node[0m
[ 75%] Built target gap_follow_node
make: *** [Makefile:141: all] Error 2
