[0.013s] Invoking command in '/sim_ws/src/gap_follow/build/gap_follow': CMAKE_PREFIX_PATH=${CMAKE_PREFIX_PATH}:/sim_ws/install/f1tenth_gym_ros:/opt/ros/foxy /usr/bin/cmake --build /sim_ws/src/gap_follow/build/gap_follow -- -j12 -l12
[0.038s] -- Found ament_cmake: 0.9.8 (/opt/ros/foxy/share/ament_cmake/cmake)
[0.059s] -- Using PYTHON_EXECUTABLE: /usr/bin/python3
[0.206s] -- Found rclcpp: 2.3.1 (/opt/ros/foxy/share/rclcpp/cmake)
[0.234s] -- Using all available rosidl_typesupport_c: rosidl_typesupport_fastrtps_c;rosidl_typesupport_introspection_c
[0.237s] -- Found rosidl_adapter: 1.2.1 (/opt/ros/foxy/share/rosidl_adapter/cmake)
[0.366s] -- Using all available rosidl_typesupport_cpp: rosidl_typesupport_fastrtps_cpp;rosidl_typesupport_introspection_cpp
[0.409s] -- Found rmw_implementation_cmake: 1.0.3 (/opt/ros/foxy/share/rmw_implementation_cmake/cmake)
[0.410s] -- Using RMW implementation 'rmw_fastrtps_cpp' as default
[0.545s] -- Found rclpy: 1.0.5 (/opt/ros/foxy/share/rclpy/cmake)
[0.545s] -- Found geometry_msgs: 2.0.4 (/opt/ros/foxy/share/geometry_msgs/cmake)
[0.574s] -- Found nav_msgs: 2.0.4 (/opt/ros/foxy/share/nav_msgs/cmake)
[0.637s] -- Found ackermann_msgs: 2.0.2 (/opt/ros/foxy/share/ackermann_msgs/cmake)
[0.667s] -- Found sensor_msgs: 2.0.4 (/opt/ros/foxy/share/sensor_msgs/cmake)
[0.733s] -- Found ament_lint_auto: 0.9.6 (/opt/ros/foxy/share/ament_lint_auto/cmake)
[0.794s] -- Added test 'copyright' to check source files copyright and LICENSE
[0.809s] -- Added test 'cppcheck' to perform static code analysis on C / C++ code
[0.809s] -- Configured cppcheck include dirs: /sim_ws/src/gap_follow/include
[0.809s] -- Configured cppcheck exclude dirs and/or files: 
[0.819s] -- Added test 'cpplint' to check C / C++ code against the Google style
[0.819s] -- Configured cpplint exclude dirs and/or files: 
[0.821s] -- Added test 'flake8' to check Python code syntax and style conventions
[0.823s] -- Added test 'lint_cmake' to check CMake code style
[0.824s] -- Added test 'pep257' to check Python code against some of the style conventions in PEP 257
[0.834s] -- Added test 'uncrustify' to check C / C++ code style
[0.834s] -- Configured uncrustify additional arguments: 
[0.836s] -- Added test 'xmllint' to check XML markup files
[0.838s] -- Configuring done
[0.851s] -- Generating done
[0.853s] -- Build files have been written to: /sim_ws/src/gap_follow/build/gap_follow
[0.879s] [35m[1mScanning dependencies of target gap_follow_node[0m
[0.881s] [35m[1mScanning dependencies of target gap_follow_node_basic[0m
[0.905s] [ 25%] [32mBuilding CXX object CMakeFiles/gap_follow_node.dir/src/gap_follow_node.cpp.o[0m
[0.913s] [ 50%] [32mBuilding CXX object CMakeFiles/gap_follow_node_basic.dir/src/gap_follow_node_basic.cpp.o[0m
[1.932s] [01m[K/sim_ws/src/gap_follow/src/gap_follow_node_basic.cpp:[m[K In member function â€˜[01m[Kvoid ReactiveFollowGap::preprocess_lidar(sensor_msgs::msg::LaserScan_<std::allocator<void> >::ConstSharedPtr, int)[m[Kâ€™:
[1.932s] [01m[K/sim_ws/src/gap_follow/src/gap_follow_node_basic.cpp:64:35:[m[K [01;31m[Kerror: [m[Kâ€˜[01m[Kmax_range_threshold[m[Kâ€™ was not declared in this scope
[1.932s]    64 |                 if (p_ranges[i] > [01;31m[Kmax_range_threshold[m[K) {
[1.932s]       |                                   [01;31m[K^~~~~~~~~~~~~~~~~~~[m[K
[1.938s] [01m[K/sim_ws/src/gap_follow/src/gap_follow_node_basic.cpp:[m[K In member function â€˜[01m[Kvoid ReactiveFollowGap::lidar_callback(sensor_msgs::msg::LaserScan_<std::allocator<void> >::ConstSharedPtr)[m[Kâ€™:
[1.938s] [01m[K/sim_ws/src/gap_follow/src/gap_follow_node_basic.cpp:186:79:[m[K [01;35m[Kwarning: [m[Kunused parameter â€˜[01m[Kscan_msg[m[Kâ€™ [[01;35m[K-Wunused-parameter[m[K]
[1.939s]   186 | [01;35m[Kconst sensor_msgs::msg::LaserScan::ConstSharedPtr scan_msg[m[K)
[1.939s]       | [01;35m[K~~~~~~~~~~~~~~~~~~~~~~~~~~~~~~~~~~~~~~~~~~~~~~~~~~^~~~~~~~[m[K
[1.939s] 
[3.120s] [01m[K/sim_ws/src/gap_follow/src/gap_follow_node.cpp:[m[K In member function â€˜[01m[Kvoid ReactiveFollowGap::lidar_callback(sensor_msgs::msg::LaserScan_<std::allocator<void> >::ConstSharedPtr)[m[Kâ€™:
[3.120s] [01m[K/sim_ws/src/gap_follow/src/gap_follow_node.cpp:184:40:[m[K [01;35m[Kwarning: [m[Kâ€˜[01m[Kgap_indicies[m[Kâ€™ may be used uninitialized in this function [[01;35m[K-Wmaybe-uninitialized[m[K]
[3.120s]   184 |             gap_indicies = [01;35m[Kfind_max_gap(gap_indicies, num_readings)[m[K;
[3.120s]       |                            [01;35m[K~~~~~~~~~~~~^~~~~~~~~~~~~~~~~~~~~~~~~~~~[m[K
[3.133s] make[2]: *** [CMakeFiles/gap_follow_node_basic.dir/build.make:63: CMakeFiles/gap_follow_node_basic.dir/src/gap_follow_node_basic.cpp.o] Error 1
[3.134s] make[1]: *** [CMakeFiles/Makefile2:80: CMakeFiles/gap_follow_node_basic.dir/all] Error 2
[3.134s] make[1]: *** Waiting for unfinished jobs....
[4.886s] [ 75%] [32m[1mLinking CXX executable gap_follow_node[0m
[5.100s] [ 75%] Built target gap_follow_node
[5.100s] make: *** [Makefile:141: all] Error 2
[5.102s] Invoked command in '/sim_ws/src/gap_follow/build/gap_follow' returned '2': CMAKE_PREFIX_PATH=${CMAKE_PREFIX_PATH}:/sim_ws/install/f1tenth_gym_ros:/opt/ros/foxy /usr/bin/cmake --build /sim_ws/src/gap_follow/build/gap_follow -- -j12 -l12
